# JRE version: Java(TM) SE Runtime Environment (8.0_60-b27) (build 1.8.0_60-b27)
# Java VM: Java HotSpot(TM) 64-Bit Server VM (25.60-b23 mixed mode windows-amd64 compressed oops)
Heap:
 PSYoungGen      total 212992K, used 80796K [0x00000000eab00000, 0x0000000100000000, 0x0000000100000000)
  eden space 181248K, 35% used [0x00000000eab00000,0x00000000eea3f620,0x00000000f5c00000)
  from space 31744K, 50% used [0x00000000f5c00000,0x00000000f6ba79f0,0x00000000f7b00000)
  to   space 73728K, 0% used [0x00000000fb800000,0x00000000fb800000,0x0000000100000000)
 ParOldGen       total 178176K, used 177856K [0x00000000c0000000, 0x00000000cae00000, 0x00000000eab00000)
  object space 178176K, 99% used [0x00000000c0000000,0x00000000cadb0138,0x00000000cae00000)
 Metaspace       used 6549K, capacity 7256K, committed 7424K, reserved 1056768K
  class space    used 625K, capacity 656K, committed 768K, reserved 1048576K
GC Heap History (10 events):
Event: 23.562 GC heap before
{Heap before GC invocations=7 (full 0):
 PSYoungGen      total 201728K, used 201711K [0x00000000eab00000, 0x00000000fa500000, 0x0000000100000000)
  eden space 181248K, 100% used [0x00000000eab00000,0x00000000f5c00000,0x00000000f5c00000)
  from space 20480K, 99% used [0x00000000f7b00000,0x00000000f8efbee0,0x00000000f8f00000)
  to   space 31744K, 0% used [0x00000000f5c00000,0x00000000f5c00000,0x00000000f7b00000)
 ParOldGen       total 62976K, used 42270K [0x00000000c0000000, 0x00000000c3d80000, 0x00000000eab00000)
  object space 62976K, 67% used [0x00000000c0000000,0x00000000c2947b60,0x00000000c3d80000)
 Metaspace       used 6535K, capacity 7256K, committed 7424K, reserved 1056768K
  class space    used 624K, capacity 656K, committed 768K, reserved 1048576K
Event: 24.081 GC heap after
Heap after GC invocations=7 (full 0):
 PSYoungGen      total 201728K, used 201711K [0x00000000eab00000, 0x00000000fa500000, 0x0000000100000000)
  eden space 181248K, 100% used [0x00000000eab00000,0x00000000f5c00000,0x00000000f5c00000)
  from space 20480K, 99% used [0x00000000f7b00000,0x00000000f8efbee0,0x00000000f8f00000)
  to   space 31744K, 99% used [0x00000000f5c00000,0x00000000f7afc550,0x00000000f7b00000)
 ParOldGen       total 107008K, used 106761K [0x00000000c0000000, 0x00000000c6880000, 0x00000000eab00000)
  object space 107008K, 99% used [0x00000000c0000000,0x00000000c68426e8,0x00000000c6880000)
 Metaspace       used 6535K, capacity 7256K, committed 7424K, reserved 1056768K
  class space    used 624K, capacity 656K, committed 768K, reserved 1048576K
}
Event: 24.081 GC heap before
{Heap before GC invocations=8 (full 1):
 PSYoungGen      total 201728K, used 201711K [0x00000000eab00000, 0x00000000fa500000, 0x0000000100000000)
  eden space 181248K, 100% used [0x00000000eab00000,0x00000000f5c00000,0x00000000f5c00000)
  from space 20480K, 99% used [0x00000000f7b00000,0x00000000f8efbee0,0x00000000f8f00000)
  to   space 31744K, 99% used [0x00000000f5c00000,0x00000000f7afc550,0x00000000f7b00000)
 ParOldGen       total 107008K, used 106761K [0x00000000c0000000, 0x00000000c6880000, 0x00000000eab00000)
  object space 107008K, 99% used [0x00000000c0000000,0x00000000c68426e8,0x00000000c6880000)
 Metaspace       used 6535K, capacity 7256K, committed 7424K, reserved 1056768K
  class space    used 624K, capacity 656K, committed 768K, reserved 1048576K
Event: 27.239 GC heap after
Heap after GC invocations=8 (full 1):
 PSYoungGen      total 201728K, used 40290K [0x00000000eab00000, 0x00000000fa500000, 0x0000000100000000)
  eden space 181248K, 22% used [0x00000000eab00000,0x00000000ed2589b8,0x00000000f5c00000)
  from space 20480K, 0% used [0x00000000f7b00000,0x00000000f7b00000,0x00000000f8f00000)
  to   space 31744K, 0% used [0x00000000f5c00000,0x00000000f5c00000,0x00000000f7b00000)
 ParOldGen       total 162816K, used 106973K [0x00000000c0000000, 0x00000000c9f00000, 0x00000000eab00000)
  object space 162816K, 65% used [0x00000000c0000000,0x00000000c6877770,0x00000000c9f00000)
 Metaspace       used 6535K, capacity 7256K, committed 7424K, reserved 1056768K
  class space    used 624K, capacity 656K, committed 768K, reserved 1048576K
}
Event: 27.701 GC heap before
{Heap before GC invocations=9 (full 1):
 PSYoungGen      total 201728K, used 181248K [0x00000000eab00000, 0x00000000fa500000, 0x0000000100000000)
  eden space 181248K, 100% used [0x00000000eab00000,0x00000000f5c00000,0x00000000f5c00000)
  from space 20480K, 0% used [0x00000000f7b00000,0x00000000f7b00000,0x00000000f8f00000)
  to   space 31744K, 0% used [0x00000000f5c00000,0x00000000f5c00000,0x00000000f7b00000)
 ParOldGen       total 162816K, used 106973K [0x00000000c0000000, 0x00000000c9f00000, 0x00000000eab00000)
  object space 162816K, 65% used [0x00000000c0000000,0x00000000c6877770,0x00000000c9f00000)
 Metaspace       used 6540K, capacity 7256K, committed 7424K, reserved 1056768K
  class space    used 625K, capacity 656K, committed 768K, reserved 1048576K
Event: 27.909 GC heap after
Heap after GC invocations=9 (full 1):
 PSYoungGen      total 212992K, used 31730K [0x00000000eab00000, 0x0000000100000000, 0x0000000100000000)
  eden space 181248K, 0% used [0x00000000eab00000,0x00000000eab00000,0x00000000f5c00000)
  from space 31744K, 99% used [0x00000000f5c00000,0x00000000f7afcb68,0x00000000f7b00000)
  to   space 73728K, 0% used [0x00000000fb800000,0x00000000fb800000,0x0000000100000000)
 ParOldGen       total 178176K, used 177310K [0x00000000c0000000, 0x00000000cae00000, 0x00000000eab00000)
  object space 178176K, 99% used [0x00000000c0000000,0x00000000cad27aa0,0x00000000cae00000)
 Metaspace       used 6540K, capacity 7256K, committed 7424K, reserved 1056768K
  class space    used 625K, capacity 656K, committed 768K, reserved 1048576K
}
Event: 27.909 GC heap before
{Heap before GC invocations=10 (full 2):
 PSYoungGen      total 212992K, used 31730K [0x00000000eab00000, 0x0000000100000000, 0x0000000100000000)
  eden space 181248K, 0% used [0x00000000eab00000,0x00000000eab00000,0x00000000f5c00000)
  from space 31744K, 99% used [0x00000000f5c00000,0x00000000f7afcb68,0x00000000f7b00000)
  to   space 73728K, 0% used [0x00000000fb800000,0x00000000fb800000,0x0000000100000000)
 ParOldGen       total 178176K, used 177310K [0x00000000c0000000, 0x00000000cae00000, 0x00000000eab00000)
  object space 178176K, 99% used [0x00000000c0000000,0x00000000cad27aa0,0x00000000cae00000)
 Metaspace       used 6540K, capacity 7256K, committed 7424K, reserved 1056768K
  class space    used 625K, capacity 656K, committed 768K, reserved 1048576K
Event: 29.501 GC heap after
Heap after GC invocations=10 (full 2):
 PSYoungGen      total 212992K, used 25814K [0x00000000eab00000, 0x0000000100000000, 0x0000000100000000)
  eden space 181248K, 0% used [0x00000000eab00000,0x00000000eab00000,0x00000000f5c00000)
  from space 31744K, 81% used [0x00000000f5c00000,0x00000000f7535828,0x00000000f7b00000)
  to   space 73728K, 0% used [0x00000000fb800000,0x00000000fb800000,0x0000000100000000)
 ParOldGen       total 178176K, used 177892K [0x00000000c0000000, 0x00000000cae00000, 0x00000000eab00000)
  object space 178176K, 99% used [0x00000000c0000000,0x00000000cadb9038,0x00000000cae00000)
 Metaspace       used 6540K, capacity 7256K, committed 7424K, reserved 1056768K
  class space    used 625K, capacity 656K, committed 768K, reserved 1048576K
}
Event: 32.590 GC heap before
{Heap before GC invocations=11 (full 3):
 PSYoungGen      total 212992K, used 207062K [0x00000000eab00000, 0x0000000100000000, 0x0000000100000000)
  eden space 181248K, 100% used [0x00000000eab00000,0x00000000f5c00000,0x00000000f5c00000)
  from space 31744K, 81% used [0x00000000f5c00000,0x00000000f7535828,0x00000000f7b00000)
  to   space 73728K, 0% used [0x00000000fb800000,0x00000000fb800000,0x0000000100000000)
 ParOldGen       total 178176K, used 177892K [0x00000000c0000000, 0x00000000cae00000, 0x00000000eab00000)
  object space 178176K, 99% used [0x00000000c0000000,0x00000000cadb9038,0x00000000cae00000)
 Metaspace       used 6547K, capacity 7256K, committed 7424K, reserved 1056768K
  class space    used 625K, capacity 656K, committed 768K, reserved 1048576K
Event: 36.975 GC heap after
Heap after GC invocations=11 (full 3):
 PSYoungGen      total 212992K, used 16030K [0x00000000eab00000, 0x0000000100000000, 0x0000000100000000)
  eden space 181248K, 0% used [0x00000000eab00000,0x00000000eab00000,0x00000000f5c00000)
  from space 31744K, 50% used [0x00000000f5c00000,0x00000000f6ba79f0,0x00000000f7b00000)
  to   space 73728K, 0% used [0x00000000fb800000,0x00000000fb800000,0x0000000100000000)
 ParOldGen       total 178176K, used 177856K [0x00000000c0000000, 0x00000000cae00000, 0x00000000eab00000)
  object space 178176K, 99% used [0x00000000c0000000,0x00000000cadb0138,0x00000000cae00000)
 Metaspace       used 6547K, capacity 7256K, committed 7424K, reserved 1056768K
  class space    used 625K, capacity 656K, committed 768K, reserved 1048576K
}

