# JRE version: Java(TM) SE Runtime Environment (8.0_60-b27) (build 1.8.0_60-b27)
# Java VM: Java HotSpot(TM) 64-Bit Server VM (25.60-b23 mixed mode windows-amd64 compressed oops)
Heap:
 PSYoungGen      total 185344K, used 131616K [0x00000000eab00000, 0x00000000fc700000, 0x0000000100000000)
  eden space 164352K, 69% used [0x00000000eab00000,0x00000000f1b19a00,0x00000000f4b80000)
  from space 20992K, 80% used [0x00000000f7b80000,0x00000000f8bee9f8,0x00000000f9000000)
  to   space 49152K, 0% used [0x00000000f4b80000,0x00000000f4b80000,0x00000000f7b80000)
 ParOldGen       total 151552K, used 73090K [0x00000000c0000000, 0x00000000c9400000, 0x00000000eab00000)
  object space 151552K, 48% used [0x00000000c0000000,0x00000000c4760bf0,0x00000000c9400000)
 Metaspace       used 6524K, capacity 7256K, committed 7424K, reserved 1056768K
  class space    used 623K, capacity 656K, committed 768K, reserved 1048576K
GC Heap History (10 events):
Event: 5.683 GC heap before
{Heap before GC invocations=3 (full 0):
 PSYoungGen      total 51712K, used 51703K [0x00000000eab00000, 0x00000000ee100000, 0x0000000100000000)
  eden space 48128K, 100% used [0x00000000eab00000,0x00000000eda00000,0x00000000eda00000)
  from space 3584K, 99% used [0x00000000edd80000,0x00000000ee0fdc78,0x00000000ee100000)
  to   space 3584K, 0% used [0x00000000eda00000,0x00000000eda00000,0x00000000edd80000)
 ParOldGen       total 62976K, used 1966K [0x00000000c0000000, 0x00000000c3d80000, 0x00000000eab00000)
  object space 62976K, 3% used [0x00000000c0000000,0x00000000c01eba58,0x00000000c3d80000)
 Metaspace       used 6260K, capacity 7088K, committed 7296K, reserved 1056768K
  class space    used 601K, capacity 616K, committed 640K, reserved 1048576K
Event: 5.859 GC heap after
Heap after GC invocations=3 (full 0):
 PSYoungGen      total 51712K, used 3552K [0x00000000eab00000, 0x00000000f1000000, 0x0000000100000000)
  eden space 48128K, 0% used [0x00000000eab00000,0x00000000eab00000,0x00000000eda00000)
  from space 3584K, 99% used [0x00000000eda00000,0x00000000edd78028,0x00000000edd80000)
  to   space 3584K, 0% used [0x00000000f0c80000,0x00000000f0c80000,0x00000000f1000000)
 ParOldGen       total 62976K, used 9021K [0x00000000c0000000, 0x00000000c3d80000, 0x00000000eab00000)
  object space 62976K, 14% used [0x00000000c0000000,0x00000000c08cf720,0x00000000c3d80000)
 Metaspace       used 6260K, capacity 7088K, committed 7296K, reserved 1056768K
  class space    used 601K, capacity 616K, committed 640K, reserved 1048576K
}
Event: 10.037 GC heap before
{Heap before GC invocations=4 (full 0):
 PSYoungGen      total 51712K, used 51680K [0x00000000eab00000, 0x00000000f1000000, 0x0000000100000000)
  eden space 48128K, 100% used [0x00000000eab00000,0x00000000eda00000,0x00000000eda00000)
  from space 3584K, 99% used [0x00000000eda00000,0x00000000edd78028,0x00000000edd80000)
  to   space 3584K, 0% used [0x00000000f0c80000,0x00000000f0c80000,0x00000000f1000000)
 ParOldGen       total 62976K, used 9021K [0x00000000c0000000, 0x00000000c3d80000, 0x00000000eab00000)
  object space 62976K, 14% used [0x00000000c0000000,0x00000000c08cf720,0x00000000c3d80000)
 Metaspace       used 6398K, capacity 7192K, committed 7424K, reserved 1056768K
  class space    used 623K, capacity 656K, committed 768K, reserved 1048576K
Event: 10.127 GC heap after
Heap after GC invocations=4 (full 0):
 PSYoungGen      total 99840K, used 3552K [0x00000000eab00000, 0x00000000f1000000, 0x0000000100000000)
  eden space 96256K, 0% used [0x00000000eab00000,0x00000000eab00000,0x00000000f0900000)
  from space 3584K, 99% used [0x00000000f0c80000,0x00000000f0ff8018,0x00000000f1000000)
  to   space 3584K, 0% used [0x00000000f0900000,0x00000000f0900000,0x00000000f0c80000)
 ParOldGen       total 62976K, used 16789K [0x00000000c0000000, 0x00000000c3d80000, 0x00000000eab00000)
  object space 62976K, 26% used [0x00000000c0000000,0x00000000c1065790,0x00000000c3d80000)
 Metaspace       used 6398K, capacity 7192K, committed 7424K, reserved 1056768K
  class space    used 623K, capacity 656K, committed 768K, reserved 1048576K
}
Event: 17.262 GC heap before
{Heap before GC invocations=5 (full 0):
 PSYoungGen      total 99840K, used 99808K [0x00000000eab00000, 0x00000000f1000000, 0x0000000100000000)
  eden space 96256K, 100% used [0x00000000eab00000,0x00000000f0900000,0x00000000f0900000)
  from space 3584K, 99% used [0x00000000f0c80000,0x00000000f0ff8018,0x00000000f1000000)
  to   space 3584K, 0% used [0x00000000f0900000,0x00000000f0900000,0x00000000f0c80000)
 ParOldGen       total 62976K, used 16789K [0x00000000c0000000, 0x00000000c3d80000, 0x00000000eab00000)
  object space 62976K, 26% used [0x00000000c0000000,0x00000000c1065790,0x00000000c3d80000)
 Metaspace       used 6511K, capacity 7256K, committed 7424K, reserved 1056768K
  class space    used 623K, capacity 656K, committed 768K, reserved 1048576K
Event: 17.840 GC heap after
Heap after GC invocations=5 (full 0):
 PSYoungGen      total 99840K, used 3584K [0x00000000eab00000, 0x00000000f9000000, 0x0000000100000000)
  eden space 96256K, 0% used [0x00000000eab00000,0x00000000eab00000,0x00000000f0900000)
  from space 3584K, 100% used [0x00000000f0900000,0x00000000f0c80000,0x00000000f0c80000)
  to   space 20992K, 0% used [0x00000000f7b80000,0x00000000f7b80000,0x00000000f9000000)
 ParOldGen       total 62976K, used 31039K [0x00000000c0000000, 0x00000000c3d80000, 0x00000000eab00000)
  object space 62976K, 49% used [0x00000000c0000000,0x00000000c1e4ff70,0x00000000c3d80000)
 Metaspace       used 6511K, capacity 7256K, committed 7424K, reserved 1056768K
  class space    used 623K, capacity 656K, committed 768K, reserved 1048576K
}
Event: 27.816 GC heap before
{Heap before GC invocations=6 (full 0):
 PSYoungGen      total 99840K, used 99840K [0x00000000eab00000, 0x00000000f9000000, 0x0000000100000000)
  eden space 96256K, 100% used [0x00000000eab00000,0x00000000f0900000,0x00000000f0900000)
  from space 3584K, 100% used [0x00000000f0900000,0x00000000f0c80000,0x00000000f0c80000)
  to   space 20992K, 0% used [0x00000000f7b80000,0x00000000f7b80000,0x00000000f9000000)
 ParOldGen       total 62976K, used 31039K [0x00000000c0000000, 0x00000000c3d80000, 0x00000000eab00000)
  object space 62976K, 49% used [0x00000000c0000000,0x00000000c1e4ff70,0x00000000c3d80000)
 Metaspace       used 6523K, capacity 7256K, committed 7424K, reserved 1056768K
  class space    used 623K, capacity 656K, committed 768K, reserved 1048576K
Event: 28.656 GC heap after
Heap after GC invocations=6 (full 0):
 PSYoungGen      total 185344K, used 20968K [0x00000000eab00000, 0x00000000fc700000, 0x0000000100000000)
  eden space 164352K, 0% used [0x00000000eab00000,0x00000000eab00000,0x00000000f4b80000)
  from space 20992K, 99% used [0x00000000f7b80000,0x00000000f8ffa378,0x00000000f9000000)
  to   space 49152K, 0% used [0x00000000f4b80000,0x00000000f4b80000,0x00000000f7b80000)
 ParOldGen       total 73216K, used 72956K [0x00000000c0000000, 0x00000000c4780000, 0x00000000eab00000)
  object space 73216K, 99% used [0x00000000c0000000,0x00000000c473f2d8,0x00000000c4780000)
 Metaspace       used 6523K, capacity 7256K, committed 7424K, reserved 1056768K
  class space    used 623K, capacity 656K, committed 768K, reserved 1048576K
}
Event: 28.656 GC heap before
{Heap before GC invocations=7 (full 1):
 PSYoungGen      total 185344K, used 20968K [0x00000000eab00000, 0x00000000fc700000, 0x0000000100000000)
  eden space 164352K, 0% used [0x00000000eab00000,0x00000000eab00000,0x00000000f4b80000)
  from space 20992K, 99% used [0x00000000f7b80000,0x00000000f8ffa378,0x00000000f9000000)
  to   space 49152K, 0% used [0x00000000f4b80000,0x00000000f4b80000,0x00000000f7b80000)
 ParOldGen       total 73216K, used 72956K [0x00000000c0000000, 0x00000000c4780000, 0x00000000eab00000)
  object space 73216K, 99% used [0x00000000c0000000,0x00000000c473f2d8,0x00000000c4780000)
 Metaspace       used 6523K, capacity 7256K, committed 7424K, reserved 1056768K
  class space    used 623K, capacity 656K, committed 768K, reserved 1048576K
Event: 36.474 GC heap after
Heap after GC invocations=7 (full 1):
 PSYoungGen      total 185344K, used 16826K [0x00000000eab00000, 0x00000000fc700000, 0x0000000100000000)
  eden space 164352K, 0% used [0x00000000eab00000,0x00000000eab00000,0x00000000f4b80000)
  from space 20992K, 80% used [0x00000000f7b80000,0x00000000f8bee9f8,0x00000000f9000000)
  to   space 49152K, 0% used [0x00000000f4b80000,0x00000000f4b80000,0x00000000f7b80000)
 ParOldGen       total 151552K, used 73090K [0x00000000c0000000, 0x00000000c9400000, 0x00000000eab00000)
  object space 151552K, 48% used [0x00000000c0000000,0x00000000c4760bf0,0x00000000c9400000)
 Metaspace       used 6523K, capacity 7256K, committed 7424K, reserved 1056768K
  class space    used 623K, capacity 656K, committed 768K, reserved 1048576K
}

