# JRE version: Java(TM) SE Runtime Environment (8.0_60-b27) (build 1.8.0_60-b27)
# Java VM: Java HotSpot(TM) 64-Bit Server VM (25.60-b23 mixed mode windows-amd64 compressed oops)
Heap:
 PSYoungGen      total 110592K, used 94154K [0x00000000eab00000, 0x00000000f9100000, 0x0000000100000000)
  eden space 92672K, 86% used [0x00000000eab00000,0x00000000ef9854e8,0x00000000f0580000)
  from space 17920K, 76% used [0x00000000f0580000,0x00000000f12ed658,0x00000000f1700000)
  to   space 43520K, 0% used [0x00000000f6680000,0x00000000f6680000,0x00000000f9100000)
 ParOldGen       total 150016K, used 76995K [0x00000000c0000000, 0x00000000c9280000, 0x00000000eab00000)
  object space 150016K, 51% used [0x00000000c0000000,0x00000000c4b30d68,0x00000000c9280000)
 Metaspace       used 6535K, capacity 7256K, committed 7424K, reserved 1056768K
  class space    used 624K, capacity 656K, committed 768K, reserved 1048576K
GC Heap History (10 events):
Event: 11.533 GC heap before
{Heap before GC invocations=6 (full 0):
 PSYoungGen      total 27648K, used 27616K [0x00000000eab00000, 0x00000000eef00000, 0x0000000100000000)
  eden space 24064K, 100% used [0x00000000eab00000,0x00000000ec280000,0x00000000ec280000)
  from space 3584K, 99% used [0x00000000ec280000,0x00000000ec5f8028,0x00000000ec600000)
  to   space 10752K, 0% used [0x00000000ee480000,0x00000000ee480000,0x00000000eef00000)
 ParOldGen       total 62976K, used 13414K [0x00000000c0000000, 0x00000000c3d80000, 0x00000000eab00000)
  object space 62976K, 21% used [0x00000000c0000000,0x00000000c0d19810,0x00000000c3d80000)
 Metaspace       used 6403K, capacity 7192K, committed 7424K, reserved 1056768K
  class space    used 623K, capacity 656K, committed 768K, reserved 1048576K
Event: 11.690 GC heap after
Heap after GC invocations=6 (full 0):
 PSYoungGen      total 58880K, used 7584K [0x00000000eab00000, 0x00000000eef00000, 0x0000000100000000)
  eden space 48128K, 0% used [0x00000000eab00000,0x00000000eab00000,0x00000000eda00000)
  from space 10752K, 70% used [0x00000000ee480000,0x00000000eebe8028,0x00000000eef00000)
  to   space 10752K, 0% used [0x00000000eda00000,0x00000000eda00000,0x00000000ee480000)
 ParOldGen       total 62976K, used 13414K [0x00000000c0000000, 0x00000000c3d80000, 0x00000000eab00000)
  object space 62976K, 21% used [0x00000000c0000000,0x00000000c0d19810,0x00000000c3d80000)
 Metaspace       used 6403K, capacity 7192K, committed 7424K, reserved 1056768K
  class space    used 623K, capacity 656K, committed 768K, reserved 1048576K
}
Event: 16.754 GC heap before
{Heap before GC invocations=7 (full 0):
 PSYoungGen      total 58880K, used 55712K [0x00000000eab00000, 0x00000000eef00000, 0x0000000100000000)
  eden space 48128K, 100% used [0x00000000eab00000,0x00000000eda00000,0x00000000eda00000)
  from space 10752K, 70% used [0x00000000ee480000,0x00000000eebe8028,0x00000000eef00000)
  to   space 10752K, 0% used [0x00000000eda00000,0x00000000eda00000,0x00000000ee480000)
 ParOldGen       total 62976K, used 13414K [0x00000000c0000000, 0x00000000c3d80000, 0x00000000eab00000)
  object space 62976K, 21% used [0x00000000c0000000,0x00000000c0d19810,0x00000000c3d80000)
 Metaspace       used 6495K, capacity 7256K, committed 7424K, reserved 1056768K
  class space    used 623K, capacity 656K, committed 768K, reserved 1048576K
Event: 17.055 GC heap after
Heap after GC invocations=7 (full 0):
 PSYoungGen      total 58880K, used 10720K [0x00000000eab00000, 0x00000000f2500000, 0x0000000100000000)
  eden space 48128K, 0% used [0x00000000eab00000,0x00000000eab00000,0x00000000eda00000)
  from space 10752K, 99% used [0x00000000eda00000,0x00000000ee478010,0x00000000ee480000)
  to   space 14336K, 0% used [0x00000000f1700000,0x00000000f1700000,0x00000000f2500000)
 ParOldGen       total 62976K, used 16719K [0x00000000c0000000, 0x00000000c3d80000, 0x00000000eab00000)
  object space 62976K, 26% used [0x00000000c0000000,0x00000000c1053cf0,0x00000000c3d80000)
 Metaspace       used 6495K, capacity 7256K, committed 7424K, reserved 1056768K
  class space    used 623K, capacity 656K, committed 768K, reserved 1048576K
}
Event: 21.111 GC heap before
{Heap before GC invocations=8 (full 0):
 PSYoungGen      total 58880K, used 58848K [0x00000000eab00000, 0x00000000f2500000, 0x0000000100000000)
  eden space 48128K, 100% used [0x00000000eab00000,0x00000000eda00000,0x00000000eda00000)
  from space 10752K, 99% used [0x00000000eda00000,0x00000000ee478010,0x00000000ee480000)
  to   space 14336K, 0% used [0x00000000f1700000,0x00000000f1700000,0x00000000f2500000)
 ParOldGen       total 62976K, used 16719K [0x00000000c0000000, 0x00000000c3d80000, 0x00000000eab00000)
  object space 62976K, 26% used [0x00000000c0000000,0x00000000c1053cf0,0x00000000c3d80000)
 Metaspace       used 6507K, capacity 7256K, committed 7424K, reserved 1056768K
  class space    used 623K, capacity 656K, committed 768K, reserved 1048576K
Event: 21.315 GC heap after
Heap after GC invocations=8 (full 0):
 PSYoungGen      total 107008K, used 14307K [0x00000000eab00000, 0x00000000f2c00000, 0x0000000100000000)
  eden space 92672K, 0% used [0x00000000eab00000,0x00000000eab00000,0x00000000f0580000)
  from space 14336K, 99% used [0x00000000f1700000,0x00000000f24f8ec8,0x00000000f2500000)
  to   space 17920K, 0% used [0x00000000f0580000,0x00000000f0580000,0x00000000f1700000)
 ParOldGen       total 62976K, used 20702K [0x00000000c0000000, 0x00000000c3d80000, 0x00000000eab00000)
  object space 62976K, 32% used [0x00000000c0000000,0x00000000c1437978,0x00000000c3d80000)
 Metaspace       used 6507K, capacity 7256K, committed 7424K, reserved 1056768K
  class space    used 623K, capacity 656K, committed 768K, reserved 1048576K
}
Event: 27.804 GC heap before
{Heap before GC invocations=9 (full 0):
 PSYoungGen      total 107008K, used 106979K [0x00000000eab00000, 0x00000000f2c00000, 0x0000000100000000)
  eden space 92672K, 100% used [0x00000000eab00000,0x00000000f0580000,0x00000000f0580000)
  from space 14336K, 99% used [0x00000000f1700000,0x00000000f24f8ec8,0x00000000f2500000)
  to   space 17920K, 0% used [0x00000000f0580000,0x00000000f0580000,0x00000000f1700000)
 ParOldGen       total 62976K, used 20702K [0x00000000c0000000, 0x00000000c3d80000, 0x00000000eab00000)
  object space 62976K, 32% used [0x00000000c0000000,0x00000000c1437978,0x00000000c3d80000)
 Metaspace       used 6527K, capacity 7256K, committed 7424K, reserved 1056768K
  class space    used 623K, capacity 656K, committed 768K, reserved 1048576K
Event: 28.130 GC heap after
Heap after GC invocations=9 (full 0):
 PSYoungGen      total 110592K, used 17911K [0x00000000eab00000, 0x00000000f9100000, 0x0000000100000000)
  eden space 92672K, 0% used [0x00000000eab00000,0x00000000eab00000,0x00000000f0580000)
  from space 17920K, 99% used [0x00000000f0580000,0x00000000f16fdfe8,0x00000000f1700000)
  to   space 43520K, 0% used [0x00000000f6680000,0x00000000f6680000,0x00000000f9100000)
 ParOldGen       total 77312K, used 77081K [0x00000000c0000000, 0x00000000c4b80000, 0x00000000eab00000)
  object space 77312K, 99% used [0x00000000c0000000,0x00000000c4b466e8,0x00000000c4b80000)
 Metaspace       used 6527K, capacity 7256K, committed 7424K, reserved 1056768K
  class space    used 623K, capacity 656K, committed 768K, reserved 1048576K
}
Event: 28.130 GC heap before
{Heap before GC invocations=10 (full 1):
 PSYoungGen      total 110592K, used 17911K [0x00000000eab00000, 0x00000000f9100000, 0x0000000100000000)
  eden space 92672K, 0% used [0x00000000eab00000,0x00000000eab00000,0x00000000f0580000)
  from space 17920K, 99% used [0x00000000f0580000,0x00000000f16fdfe8,0x00000000f1700000)
  to   space 43520K, 0% used [0x00000000f6680000,0x00000000f6680000,0x00000000f9100000)
 ParOldGen       total 77312K, used 77081K [0x00000000c0000000, 0x00000000c4b80000, 0x00000000eab00000)
  object space 77312K, 99% used [0x00000000c0000000,0x00000000c4b466e8,0x00000000c4b80000)
 Metaspace       used 6527K, capacity 7256K, committed 7424K, reserved 1056768K
  class space    used 623K, capacity 656K, committed 768K, reserved 1048576K
Event: 40.781 GC heap after
Heap after GC invocations=10 (full 1):
 PSYoungGen      total 110592K, used 13749K [0x00000000eab00000, 0x00000000f9100000, 0x0000000100000000)
  eden space 92672K, 0% used [0x00000000eab00000,0x00000000eab00000,0x00000000f0580000)
  from space 17920K, 76% used [0x00000000f0580000,0x00000000f12ed658,0x00000000f1700000)
  to   space 43520K, 0% used [0x00000000f6680000,0x00000000f6680000,0x00000000f9100000)
 ParOldGen       total 150016K, used 76995K [0x00000000c0000000, 0x00000000c9280000, 0x00000000eab00000)
  object space 150016K, 51% used [0x00000000c0000000,0x00000000c4b30d68,0x00000000c9280000)
 Metaspace       used 6527K, capacity 7256K, committed 7424K, reserved 1056768K
  class space    used 623K, capacity 656K, committed 768K, reserved 1048576K
}

