# JRE version: Java(TM) SE Runtime Environment (8.0_60-b27) (build 1.8.0_60-b27)
# Java VM: Java HotSpot(TM) 64-Bit Server VM (25.60-b23 mixed mode windows-amd64 compressed oops)
Heap:
 PSYoungGen      total 232960K, used 68548K [0x00000000eab00000, 0x0000000100000000, 0x0000000100000000)
  eden space 116736K, 58% used [0x00000000eab00000,0x00000000eedf10b8,0x00000000f1d00000)
  from space 116224K, 0% used [0x00000000f1d00000,0x00000000f1d00000,0x00000000f8e80000)
  to   space 116224K, 0% used [0x00000000f8e80000,0x00000000f8e80000,0x0000000100000000)
 ParOldGen       total 463872K, used 228830K [0x00000000c0000000, 0x00000000dc500000, 0x00000000eab00000)
  object space 463872K, 49% used [0x00000000c0000000,0x00000000cdf77a50,0x00000000dc500000)
 Metaspace       used 6544K, capacity 7256K, committed 7424K, reserved 1056768K
  class space    used 625K, capacity 656K, committed 768K, reserved 1048576K
GC Heap History (10 events):
Event: 40.325 GC heap before
{Heap before GC invocations=15 (full 3):
 PSYoungGen      total 200192K, used 122547K [0x00000000eab00000, 0x00000000fd180000, 0x0000000100000000)
  eden space 109568K, 100% used [0x00000000eab00000,0x00000000f1600000,0x00000000f1600000)
  from space 90624K, 14% used [0x00000000f1600000,0x00000000f22acd10,0x00000000f6e80000)
  to   space 85504K, 0% used [0x00000000f7e00000,0x00000000f7e00000,0x00000000fd180000)
 ParOldGen       total 396800K, used 230290K [0x00000000c0000000, 0x00000000d8380000, 0x00000000eab00000)
  object space 396800K, 58% used [0x00000000c0000000,0x00000000ce0e4920,0x00000000d8380000)
 Metaspace       used 6524K, capacity 7256K, committed 7424K, reserved 1056768K
  class space    used 624K, capacity 656K, committed 768K, reserved 1048576K
Event: 40.883 GC heap after
Heap after GC invocations=15 (full 3):
 PSYoungGen      total 216064K, used 45582K [0x00000000eab00000, 0x00000000fd200000, 0x0000000100000000)
  eden space 130560K, 0% used [0x00000000eab00000,0x00000000eab00000,0x00000000f2a80000)
  from space 85504K, 53% used [0x00000000f7e00000,0x00000000faa83808,0x00000000fd180000)
  to   space 85504K, 0% used [0x00000000f2a80000,0x00000000f2a80000,0x00000000f7e00000)
 ParOldGen       total 396800K, used 230290K [0x00000000c0000000, 0x00000000d8380000, 0x00000000eab00000)
  object space 396800K, 58% used [0x00000000c0000000,0x00000000ce0e4920,0x00000000d8380000)
 Metaspace       used 6524K, capacity 7256K, committed 7424K, reserved 1056768K
  class space    used 624K, capacity 656K, committed 768K, reserved 1048576K
}
Event: 49.140 GC heap before
{Heap before GC invocations=16 (full 3):
 PSYoungGen      total 216064K, used 176142K [0x00000000eab00000, 0x00000000fd200000, 0x0000000100000000)
  eden space 130560K, 100% used [0x00000000eab00000,0x00000000f2a80000,0x00000000f2a80000)
  from space 85504K, 53% used [0x00000000f7e00000,0x00000000faa83808,0x00000000fd180000)
  to   space 85504K, 0% used [0x00000000f2a80000,0x00000000f2a80000,0x00000000f7e00000)
 ParOldGen       total 396800K, used 230290K [0x00000000c0000000, 0x00000000d8380000, 0x00000000eab00000)
  object space 396800K, 58% used [0x00000000c0000000,0x00000000ce0e4920,0x00000000d8380000)
 Metaspace       used 6537K, capacity 7256K, committed 7424K, reserved 1056768K
  class space    used 625K, capacity 656K, committed 768K, reserved 1048576K
Event: 49.723 GC heap after
Heap after GC invocations=16 (full 3):
 PSYoungGen      total 216064K, used 85503K [0x00000000eab00000, 0x0000000100000000, 0x0000000100000000)
  eden space 130560K, 0% used [0x00000000eab00000,0x00000000eab00000,0x00000000f2a80000)
  from space 85504K, 99% used [0x00000000f2a80000,0x00000000f7dffd78,0x00000000f7e00000)
  to   space 102400K, 0% used [0x00000000f9c00000,0x00000000f9c00000,0x0000000100000000)
 ParOldGen       total 396800K, used 236594K [0x00000000c0000000, 0x00000000d8380000, 0x00000000eab00000)
  object space 396800K, 59% used [0x00000000c0000000,0x00000000ce70c8c0,0x00000000d8380000)
 Metaspace       used 6537K, capacity 7256K, committed 7424K, reserved 1056768K
  class space    used 625K, capacity 656K, committed 768K, reserved 1048576K
}
Event: 49.915 GC heap before
{Heap before GC invocations=17 (full 3):
 PSYoungGen      total 216064K, used 216063K [0x00000000eab00000, 0x0000000100000000, 0x0000000100000000)
  eden space 130560K, 100% used [0x00000000eab00000,0x00000000f2a80000,0x00000000f2a80000)
  from space 85504K, 99% used [0x00000000f2a80000,0x00000000f7dffd78,0x00000000f7e00000)
  to   space 102400K, 0% used [0x00000000f9c00000,0x00000000f9c00000,0x0000000100000000)
 ParOldGen       total 396800K, used 236594K [0x00000000c0000000, 0x00000000d8380000, 0x00000000eab00000)
  object space 396800K, 59% used [0x00000000c0000000,0x00000000ce70c8c0,0x00000000d8380000)
 Metaspace       used 6537K, capacity 7256K, committed 7424K, reserved 1056768K
  class space    used 625K, capacity 656K, committed 768K, reserved 1048576K
Event: 50.557 GC heap after
Heap after GC invocations=17 (full 3):
 PSYoungGen      total 219136K, used 102391K [0x00000000eab00000, 0x0000000100000000, 0x0000000100000000)
  eden space 116736K, 0% used [0x00000000eab00000,0x00000000eab00000,0x00000000f1d00000)
  from space 102400K, 99% used [0x00000000f9c00000,0x00000000ffffdf00,0x0000000100000000)
  to   space 116224K, 0% used [0x00000000f1d00000,0x00000000f1d00000,0x00000000f8e80000)
 ParOldGen       total 396800K, used 294499K [0x00000000c0000000, 0x00000000d8380000, 0x00000000eab00000)
  object space 396800K, 74% used [0x00000000c0000000,0x00000000d1f98fa0,0x00000000d8380000)
 Metaspace       used 6537K, capacity 7256K, committed 7424K, reserved 1056768K
  class space    used 625K, capacity 656K, committed 768K, reserved 1048576K
}
Event: 51.141 GC heap before
{Heap before GC invocations=18 (full 3):
 PSYoungGen      total 219136K, used 219127K [0x00000000eab00000, 0x0000000100000000, 0x0000000100000000)
  eden space 116736K, 100% used [0x00000000eab00000,0x00000000f1d00000,0x00000000f1d00000)
  from space 102400K, 99% used [0x00000000f9c00000,0x00000000ffffdf00,0x0000000100000000)
  to   space 116224K, 0% used [0x00000000f1d00000,0x00000000f1d00000,0x00000000f8e80000)
 ParOldGen       total 396800K, used 294499K [0x00000000c0000000, 0x00000000d8380000, 0x00000000eab00000)
  object space 396800K, 74% used [0x00000000c0000000,0x00000000d1f98fa0,0x00000000d8380000)
 Metaspace       used 6544K, capacity 7256K, committed 7424K, reserved 1056768K
  class space    used 625K, capacity 656K, committed 768K, reserved 1048576K
Event: 51.439 GC heap after
Heap after GC invocations=18 (full 3):
 PSYoungGen      total 232960K, used 44435K [0x00000000eab00000, 0x0000000100000000, 0x0000000100000000)
  eden space 116736K, 0% used [0x00000000eab00000,0x00000000eab00000,0x00000000f1d00000)
  from space 116224K, 38% used [0x00000000f1d00000,0x00000000f4864f68,0x00000000f8e80000)
  to   space 116224K, 0% used [0x00000000f8e80000,0x00000000f8e80000,0x0000000100000000)
 ParOldGen       total 398848K, used 398022K [0x00000000c0000000, 0x00000000d8580000, 0x00000000eab00000)
  object space 398848K, 99% used [0x00000000c0000000,0x00000000d84b1b48,0x00000000d8580000)
 Metaspace       used 6544K, capacity 7256K, committed 7424K, reserved 1056768K
  class space    used 625K, capacity 656K, committed 768K, reserved 1048576K
}
Event: 51.439 GC heap before
{Heap before GC invocations=19 (full 4):
 PSYoungGen      total 232960K, used 44435K [0x00000000eab00000, 0x0000000100000000, 0x0000000100000000)
  eden space 116736K, 0% used [0x00000000eab00000,0x00000000eab00000,0x00000000f1d00000)
  from space 116224K, 38% used [0x00000000f1d00000,0x00000000f4864f68,0x00000000f8e80000)
  to   space 116224K, 0% used [0x00000000f8e80000,0x00000000f8e80000,0x0000000100000000)
 ParOldGen       total 398848K, used 398022K [0x00000000c0000000, 0x00000000d8580000, 0x00000000eab00000)
  object space 398848K, 99% used [0x00000000c0000000,0x00000000d84b1b48,0x00000000d8580000)
 Metaspace       used 6544K, capacity 7256K, committed 7424K, reserved 1056768K
  class space    used 625K, capacity 656K, committed 768K, reserved 1048576K
Event: 53.360 GC heap after
Heap after GC invocations=19 (full 4):
 PSYoungGen      total 232960K, used 0K [0x00000000eab00000, 0x0000000100000000, 0x0000000100000000)
  eden space 116736K, 0% used [0x00000000eab00000,0x00000000eab00000,0x00000000f1d00000)
  from space 116224K, 0% used [0x00000000f1d00000,0x00000000f1d00000,0x00000000f8e80000)
  to   space 116224K, 0% used [0x00000000f8e80000,0x00000000f8e80000,0x0000000100000000)
 ParOldGen       total 463872K, used 228830K [0x00000000c0000000, 0x00000000dc500000, 0x00000000eab00000)
  object space 463872K, 49% used [0x00000000c0000000,0x00000000cdf77a50,0x00000000dc500000)
 Metaspace       used 6544K, capacity 7256K, committed 7424K, reserved 1056768K
  class space    used 625K, capacity 656K, committed 768K, reserved 1048576K
}

