# JRE version: Java(TM) SE Runtime Environment (8.0_60-b27) (build 1.8.0_60-b27)
# Java VM: Java HotSpot(TM) 64-Bit Server VM (25.60-b23 mixed mode windows-amd64 compressed oops)
Heap:
 PSYoungGen      total 216576K, used 91371K [0x00000000eab00000, 0x0000000100000000, 0x0000000100000000)
  eden space 116736K, 26% used [0x00000000eab00000,0x00000000ec8b35b0,0x00000000f1d00000)
  from space 99840K, 61% used [0x00000000f9e80000,0x00000000fda07938,0x0000000100000000)
  to   space 116224K, 0% used [0x00000000f1d00000,0x00000000f1d00000,0x00000000f8e80000)
 ParOldGen       total 354304K, used 225066K [0x00000000c0000000, 0x00000000d5a00000, 0x00000000eab00000)
  object space 354304K, 63% used [0x00000000c0000000,0x00000000cdbca820,0x00000000d5a00000)
 Metaspace       used 6561K, capacity 7256K, committed 7424K, reserved 1056768K
  class space    used 625K, capacity 656K, committed 768K, reserved 1048576K
GC Heap History (10 events):
Event: 31.221 GC heap before
{Heap before GC invocations=13 (full 4):
 PSYoungGen      total 220672K, used 161280K [0x00000000eab00000, 0x0000000100000000, 0x0000000100000000)
  eden space 161280K, 100% used [0x00000000eab00000,0x00000000f4880000,0x00000000f4880000)
  from space 59392K, 0% used [0x00000000f4880000,0x00000000f4880000,0x00000000f8280000)
  to   space 88064K, 0% used [0x00000000faa00000,0x00000000faa00000,0x0000000100000000)
 ParOldGen       total 174080K, used 173589K [0x00000000c0000000, 0x00000000caa00000, 0x00000000eab00000)
  object space 174080K, 99% used [0x00000000c0000000,0x00000000ca985498,0x00000000caa00000)
 Metaspace       used 6541K, capacity 7256K, committed 7424K, reserved 1056768K
  class space    used 624K, capacity 656K, committed 768K, reserved 1048576K
Event: 33.960 GC heap after
Heap after GC invocations=13 (full 4):
 PSYoungGen      total 220672K, used 40727K [0x00000000eab00000, 0x0000000100000000, 0x0000000100000000)
  eden space 161280K, 25% used [0x00000000eab00000,0x00000000ed2c5d38,0x00000000f4880000)
  from space 59392K, 0% used [0x00000000f4880000,0x00000000f4880000,0x00000000f8280000)
  to   space 88064K, 0% used [0x00000000faa00000,0x00000000faa00000,0x0000000100000000)
 ParOldGen       total 174080K, used 174023K [0x00000000c0000000, 0x00000000caa00000, 0x00000000eab00000)
  object space 174080K, 99% used [0x00000000c0000000,0x00000000ca9f1cd0,0x00000000caa00000)
 Metaspace       used 6541K, capacity 7256K, committed 7424K, reserved 1056768K
  class space    used 624K, capacity 656K, committed 768K, reserved 1048576K
}
Event: 39.452 GC heap before
{Heap before GC invocations=14 (full 5):
 PSYoungGen      total 220672K, used 161280K [0x00000000eab00000, 0x0000000100000000, 0x0000000100000000)
  eden space 161280K, 100% used [0x00000000eab00000,0x00000000f4880000,0x00000000f4880000)
  from space 59392K, 0% used [0x00000000f4880000,0x00000000f4880000,0x00000000f8280000)
  to   space 88064K, 0% used [0x00000000faa00000,0x00000000faa00000,0x0000000100000000)
 ParOldGen       total 174080K, used 174023K [0x00000000c0000000, 0x00000000caa00000, 0x00000000eab00000)
  object space 174080K, 99% used [0x00000000c0000000,0x00000000ca9f1cd0,0x00000000caa00000)
 Metaspace       used 6550K, capacity 7256K, committed 7424K, reserved 1056768K
  class space    used 625K, capacity 656K, committed 768K, reserved 1048576K
Event: 41.063 GC heap after
Heap after GC invocations=14 (full 5):
 PSYoungGen      total 220672K, used 0K [0x00000000eab00000, 0x0000000100000000, 0x0000000100000000)
  eden space 161280K, 0% used [0x00000000eab00000,0x00000000eab00000,0x00000000f4880000)
  from space 59392K, 0% used [0x00000000f4880000,0x00000000f4880000,0x00000000f8280000)
  to   space 88064K, 0% used [0x00000000faa00000,0x00000000faa00000,0x0000000100000000)
 ParOldGen       total 354304K, used 104759K [0x00000000c0000000, 0x00000000d5a00000, 0x00000000eab00000)
  object space 354304K, 29% used [0x00000000c0000000,0x00000000c664dcb8,0x00000000d5a00000)
 Metaspace       used 6550K, capacity 7256K, committed 7424K, reserved 1056768K
  class space    used 625K, capacity 656K, committed 768K, reserved 1048576K
}
Event: 41.911 GC heap before
{Heap before GC invocations=15 (full 5):
 PSYoungGen      total 220672K, used 161280K [0x00000000eab00000, 0x0000000100000000, 0x0000000100000000)
  eden space 161280K, 100% used [0x00000000eab00000,0x00000000f4880000,0x00000000f4880000)
  from space 59392K, 0% used [0x00000000f4880000,0x00000000f4880000,0x00000000f8280000)
  to   space 88064K, 0% used [0x00000000faa00000,0x00000000faa00000,0x0000000100000000)
 ParOldGen       total 354304K, used 104759K [0x00000000c0000000, 0x00000000d5a00000, 0x00000000eab00000)
  object space 354304K, 29% used [0x00000000c0000000,0x00000000c664dcb8,0x00000000d5a00000)
 Metaspace       used 6554K, capacity 7256K, committed 7424K, reserved 1056768K
  class space    used 625K, capacity 656K, committed 768K, reserved 1048576K
Event: 41.995 GC heap after
Heap after GC invocations=15 (full 5):
 PSYoungGen      total 237568K, used 77187K [0x00000000eab00000, 0x0000000100000000, 0x0000000100000000)
  eden space 149504K, 0% used [0x00000000eab00000,0x00000000eab00000,0x00000000f3d00000)
  from space 88064K, 87% used [0x00000000faa00000,0x00000000ff560de8,0x0000000100000000)
  to   space 99840K, 0% used [0x00000000f3d00000,0x00000000f3d00000,0x00000000f9e80000)
 ParOldGen       total 354304K, used 104767K [0x00000000c0000000, 0x00000000d5a00000, 0x00000000eab00000)
  object space 354304K, 29% used [0x00000000c0000000,0x00000000c664fcb8,0x00000000d5a00000)
 Metaspace       used 6554K, capacity 7256K, committed 7424K, reserved 1056768K
  class space    used 625K, capacity 656K, committed 768K, reserved 1048576K
}
Event: 42.226 GC heap before
{Heap before GC invocations=16 (full 5):
 PSYoungGen      total 237568K, used 226691K [0x00000000eab00000, 0x0000000100000000, 0x0000000100000000)
  eden space 149504K, 100% used [0x00000000eab00000,0x00000000f3d00000,0x00000000f3d00000)
  from space 88064K, 87% used [0x00000000faa00000,0x00000000ff560de8,0x0000000100000000)
  to   space 99840K, 0% used [0x00000000f3d00000,0x00000000f3d00000,0x00000000f9e80000)
 ParOldGen       total 354304K, used 104767K [0x00000000c0000000, 0x00000000d5a00000, 0x00000000eab00000)
  object space 354304K, 29% used [0x00000000c0000000,0x00000000c664fcb8,0x00000000d5a00000)
 Metaspace       used 6560K, capacity 7256K, committed 7424K, reserved 1056768K
  class space    used 625K, capacity 656K, committed 768K, reserved 1048576K
Event: 42.348 GC heap after
Heap after GC invocations=16 (full 5):
 PSYoungGen      total 249344K, used 99812K [0x00000000eab00000, 0x0000000100000000, 0x0000000100000000)
  eden space 149504K, 0% used [0x00000000eab00000,0x00000000eab00000,0x00000000f3d00000)
  from space 99840K, 99% used [0x00000000f3d00000,0x00000000f9e79318,0x00000000f9e80000)
  to   space 99840K, 0% used [0x00000000f9e80000,0x00000000f9e80000,0x0000000100000000)
 ParOldGen       total 354304K, used 155926K [0x00000000c0000000, 0x00000000d5a00000, 0x00000000eab00000)
  object space 354304K, 44% used [0x00000000c0000000,0x00000000c98459c8,0x00000000d5a00000)
 Metaspace       used 6560K, capacity 7256K, committed 7424K, reserved 1056768K
  class space    used 625K, capacity 656K, committed 768K, reserved 1048576K
}
Event: 42.957 GC heap before
{Heap before GC invocations=17 (full 5):
 PSYoungGen      total 249344K, used 249316K [0x00000000eab00000, 0x0000000100000000, 0x0000000100000000)
  eden space 149504K, 100% used [0x00000000eab00000,0x00000000f3d00000,0x00000000f3d00000)
  from space 99840K, 99% used [0x00000000f3d00000,0x00000000f9e79318,0x00000000f9e80000)
  to   space 99840K, 0% used [0x00000000f9e80000,0x00000000f9e80000,0x0000000100000000)
 ParOldGen       total 354304K, used 155926K [0x00000000c0000000, 0x00000000d5a00000, 0x00000000eab00000)
  object space 354304K, 44% used [0x00000000c0000000,0x00000000c98459c8,0x00000000d5a00000)
 Metaspace       used 6561K, capacity 7256K, committed 7424K, reserved 1056768K
  class space    used 625K, capacity 656K, committed 768K, reserved 1048576K
Event: 43.078 GC heap after
Heap after GC invocations=17 (full 5):
 PSYoungGen      total 216576K, used 60958K [0x00000000eab00000, 0x0000000100000000, 0x0000000100000000)
  eden space 116736K, 0% used [0x00000000eab00000,0x00000000eab00000,0x00000000f1d00000)
  from space 99840K, 61% used [0x00000000f9e80000,0x00000000fda07938,0x0000000100000000)
  to   space 116224K, 0% used [0x00000000f1d00000,0x00000000f1d00000,0x00000000f8e80000)
 ParOldGen       total 354304K, used 225066K [0x00000000c0000000, 0x00000000d5a00000, 0x00000000eab00000)
  object space 354304K, 63% used [0x00000000c0000000,0x00000000cdbca820,0x00000000d5a00000)
 Metaspace       used 6561K, capacity 7256K, committed 7424K, reserved 1056768K
  class space    used 625K, capacity 656K, committed 768K, reserved 1048576K
}

