# JRE version: Java(TM) SE Runtime Environment (8.0_60-b27) (build 1.8.0_60-b27)
# Java VM: Java HotSpot(TM) 64-Bit Server VM (25.60-b23 mixed mode windows-amd64 compressed oops)
Heap:
 PSYoungGen      total 83968K, used 45275K [0x00000000eab00000, 0x00000000f0180000, 0x0000000100000000)
  eden space 80384K, 51% used [0x00000000eab00000,0x00000000ed3b7888,0x00000000ef980000)
  from space 3584K, 99% used [0x00000000efe00000,0x00000000f017f428,0x00000000f0180000)
  to   space 3584K, 0% used [0x00000000efa80000,0x00000000efa80000,0x00000000efe00000)
 ParOldGen       total 88576K, used 18481K [0x00000000c0000000, 0x00000000c5680000, 0x00000000eab00000)
  object space 88576K, 20% used [0x00000000c0000000,0x00000000c120c5d0,0x00000000c5680000)
 Metaspace       used 4709K, capacity 5464K, committed 5760K, reserved 1056768K
  class space    used 501K, capacity 528K, committed 640K, reserved 1048576K
GC Heap History (10 events):
Event: 0.286 GC heap before
{Heap before GC invocations=1 (full 0):
 PSYoungGen      total 27648K, used 24044K [0x00000000eab00000, 0x00000000ec980000, 0x0000000100000000)
  eden space 24064K, 99% used [0x00000000eab00000,0x00000000ec27b0b8,0x00000000ec280000)
  from space 3584K, 0% used [0x00000000ec600000,0x00000000ec600000,0x00000000ec980000)
  to   space 3584K, 0% used [0x00000000ec280000,0x00000000ec280000,0x00000000ec600000)
 ParOldGen       total 62976K, used 0K [0x00000000c0000000, 0x00000000c3d80000, 0x00000000eab00000)
  object space 62976K, 0% used [0x00000000c0000000,0x00000000c0000000,0x00000000c3d80000)
 Metaspace       used 3575K, capacity 4720K, committed 4864K, reserved 1056768K
  class space    used 388K, capacity 424K, committed 512K, reserved 1048576K
Event: 0.290 GC heap after
Heap after GC invocations=1 (full 0):
 PSYoungGen      total 27648K, used 3574K [0x00000000eab00000, 0x00000000ee100000, 0x0000000100000000)
  eden space 24064K, 0% used [0x00000000eab00000,0x00000000eab00000,0x00000000ec280000)
  from space 3584K, 99% used [0x00000000ec280000,0x00000000ec5fdb70,0x00000000ec600000)
  to   space 3584K, 0% used [0x00000000edd80000,0x00000000edd80000,0x00000000ee100000)
 ParOldGen       total 62976K, used 3102K [0x00000000c0000000, 0x00000000c3d80000, 0x00000000eab00000)
  object space 62976K, 4% used [0x00000000c0000000,0x00000000c03079b0,0x00000000c3d80000)
 Metaspace       used 3575K, capacity 4720K, committed 4864K, reserved 1056768K
  class space    used 388K, capacity 424K, committed 512K, reserved 1048576K
}
Event: 0.439 GC heap before
{Heap before GC invocations=2 (full 0):
 PSYoungGen      total 27648K, used 27638K [0x00000000eab00000, 0x00000000ee100000, 0x0000000100000000)
  eden space 24064K, 100% used [0x00000000eab00000,0x00000000ec280000,0x00000000ec280000)
  from space 3584K, 99% used [0x00000000ec280000,0x00000000ec5fdb70,0x00000000ec600000)
  to   space 3584K, 0% used [0x00000000edd80000,0x00000000edd80000,0x00000000ee100000)
 ParOldGen       total 62976K, used 3102K [0x00000000c0000000, 0x00000000c3d80000, 0x00000000eab00000)
  object space 62976K, 4% used [0x00000000c0000000,0x00000000c03079b0,0x00000000c3d80000)
 Metaspace       used 3878K, capacity 4944K, committed 5120K, reserved 1056768K
  class space    used 417K, capacity 456K, committed 512K, reserved 1048576K
Event: 0.458 GC heap after
Heap after GC invocations=2 (full 0):
 PSYoungGen      total 51712K, used 3583K [0x00000000eab00000, 0x00000000ee100000, 0x0000000100000000)
  eden space 48128K, 0% used [0x00000000eab00000,0x00000000eab00000,0x00000000eda00000)
  from space 3584K, 99% used [0x00000000edd80000,0x00000000ee0fff50,0x00000000ee100000)
  to   space 3584K, 0% used [0x00000000eda00000,0x00000000eda00000,0x00000000edd80000)
 ParOldGen       total 62976K, used 35833K [0x00000000c0000000, 0x00000000c3d80000, 0x00000000eab00000)
  object space 62976K, 56% used [0x00000000c0000000,0x00000000c22fe628,0x00000000c3d80000)
 Metaspace       used 3878K, capacity 4944K, committed 5120K, reserved 1056768K
  class space    used 417K, capacity 456K, committed 512K, reserved 1048576K
}
Event: 0.458 GC heap before
{Heap before GC invocations=3 (full 1):
 PSYoungGen      total 51712K, used 3583K [0x00000000eab00000, 0x00000000ee100000, 0x0000000100000000)
  eden space 48128K, 0% used [0x00000000eab00000,0x00000000eab00000,0x00000000eda00000)
  from space 3584K, 99% used [0x00000000edd80000,0x00000000ee0fff50,0x00000000ee100000)
  to   space 3584K, 0% used [0x00000000eda00000,0x00000000eda00000,0x00000000edd80000)
 ParOldGen       total 62976K, used 35833K [0x00000000c0000000, 0x00000000c3d80000, 0x00000000eab00000)
  object space 62976K, 56% used [0x00000000c0000000,0x00000000c22fe628,0x00000000c3d80000)
 Metaspace       used 3878K, capacity 4944K, committed 5120K, reserved 1056768K
  class space    used 417K, capacity 456K, committed 512K, reserved 1048576K
Event: 0.468 GC heap after
Heap after GC invocations=3 (full 1):
 PSYoungGen      total 51712K, used 0K [0x00000000eab00000, 0x00000000ee100000, 0x0000000100000000)
  eden space 48128K, 0% used [0x00000000eab00000,0x00000000eab00000,0x00000000eda00000)
  from space 3584K, 0% used [0x00000000edd80000,0x00000000edd80000,0x00000000ee100000)
  to   space 3584K, 0% used [0x00000000eda00000,0x00000000eda00000,0x00000000edd80000)
 ParOldGen       total 88576K, used 18207K [0x00000000c0000000, 0x00000000c5680000, 0x00000000eab00000)
  object space 88576K, 20% used [0x00000000c0000000,0x00000000c11c7f58,0x00000000c5680000)
 Metaspace       used 3878K, capacity 4944K, committed 5120K, reserved 1056768K
  class space    used 417K, capacity 456K, committed 512K, reserved 1048576K
}
Event: 0.831 GC heap before
{Heap before GC invocations=4 (full 1):
 PSYoungGen      total 51712K, used 48128K [0x00000000eab00000, 0x00000000ee100000, 0x0000000100000000)
  eden space 48128K, 100% used [0x00000000eab00000,0x00000000eda00000,0x00000000eda00000)
  from space 3584K, 0% used [0x00000000edd80000,0x00000000edd80000,0x00000000ee100000)
  to   space 3584K, 0% used [0x00000000eda00000,0x00000000eda00000,0x00000000edd80000)
 ParOldGen       total 88576K, used 18207K [0x00000000c0000000, 0x00000000c5680000, 0x00000000eab00000)
  object space 88576K, 20% used [0x00000000c0000000,0x00000000c11c7f58,0x00000000c5680000)
 Metaspace       used 4061K, capacity 5072K, committed 5376K, reserved 1056768K
  class space    used 428K, capacity 456K, committed 512K, reserved 1048576K
Event: 0.834 GC heap after
Heap after GC invocations=4 (full 1):
 PSYoungGen      total 51712K, used 1376K [0x00000000eab00000, 0x00000000f0180000, 0x0000000100000000)
  eden space 48128K, 0% used [0x00000000eab00000,0x00000000eab00000,0x00000000eda00000)
  from space 3584K, 38% used [0x00000000eda00000,0x00000000edb58000,0x00000000edd80000)
  to   space 3584K, 0% used [0x00000000efe00000,0x00000000efe00000,0x00000000f0180000)
 ParOldGen       total 88576K, used 18215K [0x00000000c0000000, 0x00000000c5680000, 0x00000000eab00000)
  object space 88576K, 20% used [0x00000000c0000000,0x00000000c11c9f58,0x00000000c5680000)
 Metaspace       used 4061K, capacity 5072K, committed 5376K, reserved 1056768K
  class space    used 428K, capacity 456K, committed 512K, reserved 1048576K
}
Event: 1.320 GC heap before
{Heap before GC invocations=5 (full 1):
 PSYoungGen      total 51712K, used 49504K [0x00000000eab00000, 0x00000000f0180000, 0x0000000100000000)
  eden space 48128K, 100% used [0x00000000eab00000,0x00000000eda00000,0x00000000eda00000)
  from space 3584K, 38% used [0x00000000eda00000,0x00000000edb58000,0x00000000edd80000)
  to   space 3584K, 0% used [0x00000000efe00000,0x00000000efe00000,0x00000000f0180000)
 ParOldGen       total 88576K, used 18215K [0x00000000c0000000, 0x00000000c5680000, 0x00000000eab00000)
  object space 88576K, 20% used [0x00000000c0000000,0x00000000c11c9f58,0x00000000c5680000)
 Metaspace       used 4467K, capacity 5424K, committed 5632K, reserved 1056768K
  class space    used 471K, capacity 488K, committed 512K, reserved 1048576K
Event: 1.334 GC heap after
Heap after GC invocations=5 (full 1):
 PSYoungGen      total 83968K, used 3581K [0x00000000eab00000, 0x00000000f0180000, 0x0000000100000000)
  eden space 80384K, 0% used [0x00000000eab00000,0x00000000eab00000,0x00000000ef980000)
  from space 3584K, 99% used [0x00000000efe00000,0x00000000f017f428,0x00000000f0180000)
  to   space 3584K, 0% used [0x00000000efa80000,0x00000000efa80000,0x00000000efe00000)
 ParOldGen       total 88576K, used 18481K [0x00000000c0000000, 0x00000000c5680000, 0x00000000eab00000)
  object space 88576K, 20% used [0x00000000c0000000,0x00000000c120c5d0,0x00000000c5680000)
 Metaspace       used 4467K, capacity 5424K, committed 5632K, reserved 1056768K
  class space    used 471K, capacity 488K, committed 512K, reserved 1048576K
}

